# JRE version: OpenJDK Runtime Environment (17.0.6) (build 17.0.6+0-b2043.56-9586694)
# Java VM: OpenJDK 64-Bit Server VM (17.0.6+0-b2043.56-9586694, mixed mode, tiered, compressed oops, compressed class ptrs, g1 gc, windows-amd64)
GC Precious Log:
 CPUs: 8 total, 8 available
 Memory: 8067M
 Large Page Support: Disabled
 NUMA Support: Disabled
 Compressed Oops: Enabled (32-bit)
 Heap Region Size: 1M
 Heap Min Capacity: 8M
 Heap Initial Capacity: 128M
 Heap Max Capacity: 2G
 Pre-touch: Disabled
 Parallel Workers: 8
 Concurrent Workers: 2
 Concurrent Refinement Workers: 8
 Periodic GC: Disabled
Heap:
 garbage-first heap   total 334848K, used 149168K [0x0000000080000000, 0x0000000100000000)
  region size 1024K, 2 young (2048K), 2 survivors (2048K)
 Metaspace       used 128268K, committed 129792K, reserved 1163264K
  class space    used 17316K, committed 17984K, reserved 1048576K
GC Heap History (20 events):
Event: 1779.740 GC heap after
{Heap after GC invocations=67 (full 0):
 garbage-first heap   total 334848K, used 166531K [0x0000000080000000, 0x0000000100000000)
  region size 1024K, 12 young (12288K), 12 survivors (12288K)
 Metaspace       used 127599K, committed 128768K, reserved 1163264K
  class space    used 17391K, committed 17920K, reserved 1048576K
}
Event: 1779.843 GC heap before
{Heap before GC invocations=67 (full 0):
 garbage-first heap   total 334848K, used 170627K [0x0000000080000000, 0x0000000100000000)
  region size 1024K, 16 young (16384K), 12 survivors (12288K)
 Metaspace       used 127599K, committed 128768K, reserved 1163264K
  class space    used 17391K, committed 17920K, reserved 1048576K
}
Event: 1779.866 GC heap after
{Heap after GC invocations=68 (full 0):
 garbage-first heap   total 334848K, used 165038K [0x0000000080000000, 0x0000000100000000)
  region size 1024K, 2 young (2048K), 2 survivors (2048K)
 Metaspace       used 127599K, committed 128768K, reserved 1163264K
  class space    used 17391K, committed 17920K, reserved 1048576K
}
Event: 1842.159 GC heap before
{Heap before GC invocations=68 (full 0):
 garbage-first heap   total 334848K, used 261294K [0x0000000080000000, 0x0000000100000000)
  region size 1024K, 98 young (100352K), 2 survivors (2048K)
 Metaspace       used 127695K, committed 128832K, reserved 1163264K
  class space    used 17396K, committed 17920K, reserved 1048576K
}
Event: 1842.166 GC heap after
{Heap after GC invocations=69 (full 0):
 garbage-first heap   total 334848K, used 168000K [0x0000000080000000, 0x0000000100000000)
  region size 1024K, 5 young (5120K), 5 survivors (5120K)
 Metaspace       used 127695K, committed 128832K, reserved 1163264K
  class space    used 17396K, committed 17920K, reserved 1048576K
}
Event: 1860.636 GC heap before
{Heap before GC invocations=70 (full 0):
 garbage-first heap   total 334848K, used 314432K [0x0000000080000000, 0x0000000100000000)
  region size 1024K, 111 young (113664K), 5 survivors (5120K)
 Metaspace       used 128009K, committed 129152K, reserved 1163264K
  class space    used 17403K, committed 17984K, reserved 1048576K
}
Event: 1860.642 GC heap after
{Heap after GC invocations=71 (full 0):
 garbage-first heap   total 334848K, used 165620K [0x0000000080000000, 0x0000000100000000)
  region size 1024K, 5 young (5120K), 5 survivors (5120K)
 Metaspace       used 128009K, committed 129152K, reserved 1163264K
  class space    used 17403K, committed 17984K, reserved 1048576K
}
Event: 1860.847 GC heap before
{Heap before GC invocations=71 (full 0):
 garbage-first heap   total 334848K, used 176884K [0x0000000080000000, 0x0000000100000000)
  region size 1024K, 16 young (16384K), 5 survivors (5120K)
 Metaspace       used 128020K, committed 129216K, reserved 1163264K
  class space    used 17403K, committed 17984K, reserved 1048576K
}
Event: 1860.864 GC heap after
{Heap after GC invocations=72 (full 0):
 garbage-first heap   total 334848K, used 150828K [0x0000000080000000, 0x0000000100000000)
  region size 1024K, 2 young (2048K), 2 survivors (2048K)
 Metaspace       used 128020K, committed 129216K, reserved 1163264K
  class space    used 17403K, committed 17984K, reserved 1048576K
}
Event: 2983.045 GC heap before
{Heap before GC invocations=72 (full 0):
 garbage-first heap   total 334848K, used 276780K [0x0000000080000000, 0x0000000100000000)
  region size 1024K, 126 young (129024K), 2 survivors (2048K)
 Metaspace       used 128332K, committed 129472K, reserved 1163264K
  class space    used 17418K, committed 17984K, reserved 1048576K
}
Event: 2983.065 GC heap after
{Heap after GC invocations=73 (full 0):
 garbage-first heap   total 334848K, used 162047K [0x0000000080000000, 0x0000000100000000)
  region size 1024K, 13 young (13312K), 13 survivors (13312K)
 Metaspace       used 128332K, committed 129472K, reserved 1163264K
  class space    used 17418K, committed 17984K, reserved 1048576K
}
Event: 5745.045 GC heap before
{Heap before GC invocations=74 (full 0):
 garbage-first heap   total 334848K, used 272639K [0x0000000080000000, 0x0000000100000000)
  region size 1024K, 122 young (124928K), 13 survivors (13312K)
 Metaspace       used 128320K, committed 129536K, reserved 1163264K
  class space    used 17377K, committed 17984K, reserved 1048576K
}
Event: 5745.154 GC heap after
{Heap after GC invocations=75 (full 0):
 garbage-first heap   total 334848K, used 171488K [0x0000000080000000, 0x0000000100000000)
  region size 1024K, 10 young (10240K), 10 survivors (10240K)
 Metaspace       used 128320K, committed 129536K, reserved 1163264K
  class space    used 17377K, committed 17984K, reserved 1048576K
}
Event: 5745.271 GC heap before
{Heap before GC invocations=75 (full 0):
 garbage-first heap   total 334848K, used 177632K [0x0000000080000000, 0x0000000100000000)
  region size 1024K, 16 young (16384K), 10 survivors (10240K)
 Metaspace       used 128331K, committed 129536K, reserved 1163264K
  class space    used 17377K, committed 17984K, reserved 1048576K
}
Event: 5745.468 GC heap after
{Heap after GC invocations=76 (full 0):
 garbage-first heap   total 334848K, used 161683K [0x0000000080000000, 0x0000000100000000)
  region size 1024K, 2 young (2048K), 2 survivors (2048K)
 Metaspace       used 128331K, committed 129536K, reserved 1163264K
  class space    used 17377K, committed 17984K, reserved 1048576K
}
Event: 5799.828 GC heap before
{Heap before GC invocations=76 (full 0):
 garbage-first heap   total 334848K, used 272275K [0x0000000080000000, 0x0000000100000000)
  region size 1024K, 111 young (113664K), 2 survivors (2048K)
 Metaspace       used 128566K, committed 129792K, reserved 1163264K
  class space    used 17397K, committed 17984K, reserved 1048576K
}
Event: 5799.840 GC heap after
{Heap after GC invocations=77 (full 0):
 garbage-first heap   total 334848K, used 166078K [0x0000000080000000, 0x0000000100000000)
  region size 1024K, 6 young (6144K), 6 survivors (6144K)
 Metaspace       used 128566K, committed 129792K, reserved 1163264K
  class space    used 17397K, committed 17984K, reserved 1048576K
}
Event: 5801.602 GC heap before
{Heap before GC invocations=78 (full 0):
 garbage-first heap   total 334848K, used 271550K [0x0000000080000000, 0x0000000100000000)
  region size 1024K, 114 young (116736K), 6 survivors (6144K)
 Metaspace       used 128264K, committed 129792K, reserved 1163264K
  class space    used 17316K, committed 17984K, reserved 1048576K
}
Event: 5801.942 GC heap after
{Heap after GC invocations=79 (full 0):
 garbage-first heap   total 334848K, used 169194K [0x0000000080000000, 0x0000000100000000)
  region size 1024K, 13 young (13312K), 13 survivors (13312K)
 Metaspace       used 128264K, committed 129792K, reserved 1163264K
  class space    used 17316K, committed 17984K, reserved 1048576K
}
Event: 5801.954 GC heap before
{Heap before GC invocations=79 (full 0):
 garbage-first heap   total 334848K, used 172266K [0x0000000080000000, 0x0000000100000000)
  region size 1024K, 16 young (16384K), 13 survivors (13312K)
 Metaspace       used 128268K, committed 129792K, reserved 1163264K
  class space    used 17316K, committed 17984K, reserved 1048576K
}

