# JRE version: OpenJDK Runtime Environment (17.0.6) (build 17.0.6+0-b2043.56-9586694)
# Java VM: OpenJDK 64-Bit Server VM (17.0.6+0-b2043.56-9586694, mixed mode, tiered, compressed oops, compressed class ptrs, g1 gc, windows-amd64)
GC Precious Log:
 CPUs: 8 total, 8 available
 Memory: 8067M
 Large Page Support: Disabled
 NUMA Support: Disabled
 Compressed Oops: Enabled (32-bit)
 Heap Region Size: 1M
 Heap Min Capacity: 8M
 Heap Initial Capacity: 128M
 Heap Max Capacity: 2018M
 Pre-touch: Disabled
 Parallel Workers: 8
 Concurrent Workers: 2
 Concurrent Refinement Workers: 8
 Periodic GC: Disabled
Heap:
 garbage-first heap   total 167936K, used 94048K [0x0000000081e00000, 0x0000000100000000)
  region size 1024K, 5 young (5120K), 5 survivors (5120K)
 Metaspace       used 66558K, committed 66880K, reserved 1114112K
  class space    used 7640K, committed 7808K, reserved 1048576K
GC Heap History (20 events):
Event: 14.224 GC heap after
{Heap after GC invocations=19 (full 0):
 garbage-first heap   total 112640K, used 60099K [0x0000000081e00000, 0x0000000100000000)
  region size 1024K, 5 young (5120K), 5 survivors (5120K)
 Metaspace       used 61796K, committed 62080K, reserved 1105920K
  class space    used 7353K, committed 7488K, reserved 1048576K
}
Event: 15.528 GC heap before
{Heap before GC invocations=20 (full 0):
 garbage-first heap   total 112640K, used 86723K [0x0000000081e00000, 0x0000000100000000)
  region size 1024K, 31 young (31744K), 5 survivors (5120K)
 Metaspace       used 62979K, committed 63232K, reserved 1105920K
  class space    used 7446K, committed 7552K, reserved 1048576K
}
Event: 15.556 GC heap after
{Heap after GC invocations=21 (full 0):
 garbage-first heap   total 112640K, used 62251K [0x0000000081e00000, 0x0000000100000000)
  region size 1024K, 4 young (4096K), 4 survivors (4096K)
 Metaspace       used 62979K, committed 63232K, reserved 1105920K
  class space    used 7446K, committed 7552K, reserved 1048576K
}
Event: 17.094 GC heap before
{Heap before GC invocations=21 (full 0):
 garbage-first heap   total 112640K, used 86827K [0x0000000081e00000, 0x0000000100000000)
  region size 1024K, 29 young (29696K), 4 survivors (4096K)
 Metaspace       used 64376K, committed 64704K, reserved 1105920K
  class space    used 7524K, committed 7680K, reserved 1048576K
}
Event: 17.118 GC heap after
{Heap after GC invocations=22 (full 0):
 garbage-first heap   total 112640K, used 66515K [0x0000000081e00000, 0x0000000100000000)
  region size 1024K, 4 young (4096K), 4 survivors (4096K)
 Metaspace       used 64376K, committed 64704K, reserved 1105920K
  class space    used 7524K, committed 7680K, reserved 1048576K
}
Event: 17.577 GC heap before
{Heap before GC invocations=23 (full 0):
 garbage-first heap   total 116736K, used 91091K [0x0000000081e00000, 0x0000000100000000)
  region size 1024K, 26 young (26624K), 4 survivors (4096K)
 Metaspace       used 64667K, committed 64960K, reserved 1105920K
  class space    used 7546K, committed 7680K, reserved 1048576K
}
Event: 17.591 GC heap after
{Heap after GC invocations=24 (full 0):
 garbage-first heap   total 116736K, used 70688K [0x0000000081e00000, 0x0000000100000000)
  region size 1024K, 3 young (3072K), 3 survivors (3072K)
 Metaspace       used 64667K, committed 64960K, reserved 1105920K
  class space    used 7546K, committed 7680K, reserved 1048576K
}
Event: 17.643 GC heap before
{Heap before GC invocations=24 (full 0):
 garbage-first heap   total 116736K, used 72736K [0x0000000081e00000, 0x0000000100000000)
  region size 1024K, 5 young (5120K), 3 survivors (3072K)
 Metaspace       used 64667K, committed 64960K, reserved 1105920K
  class space    used 7546K, committed 7680K, reserved 1048576K
}
Event: 17.651 GC heap after
{Heap after GC invocations=25 (full 0):
 garbage-first heap   total 140288K, used 70805K [0x0000000081e00000, 0x0000000100000000)
  region size 1024K, 1 young (1024K), 1 survivors (1024K)
 Metaspace       used 64667K, committed 64960K, reserved 1105920K
  class space    used 7546K, committed 7680K, reserved 1048576K
}
Event: 18.101 GC heap before
{Heap before GC invocations=25 (full 0):
 garbage-first heap   total 140288K, used 109717K [0x0000000081e00000, 0x0000000100000000)
  region size 1024K, 39 young (39936K), 1 survivors (1024K)
 Metaspace       used 64670K, committed 64960K, reserved 1105920K
  class space    used 7546K, committed 7680K, reserved 1048576K
}
Event: 18.106 GC heap after
{Heap after GC invocations=26 (full 0):
 garbage-first heap   total 140288K, used 73827K [0x0000000081e00000, 0x0000000100000000)
  region size 1024K, 4 young (4096K), 4 survivors (4096K)
 Metaspace       used 64670K, committed 64960K, reserved 1105920K
  class space    used 7546K, committed 7680K, reserved 1048576K
}
Event: 18.273 GC heap before
{Heap before GC invocations=27 (full 0):
 garbage-first heap   total 167936K, used 111715K [0x0000000081e00000, 0x0000000100000000)
  region size 1024K, 41 young (41984K), 4 survivors (4096K)
 Metaspace       used 64673K, committed 64960K, reserved 1105920K
  class space    used 7546K, committed 7680K, reserved 1048576K
}
Event: 18.283 GC heap after
{Heap after GC invocations=28 (full 0):
 garbage-first heap   total 167936K, used 78374K [0x0000000081e00000, 0x0000000100000000)
  region size 1024K, 5 young (5120K), 5 survivors (5120K)
 Metaspace       used 64673K, committed 64960K, reserved 1105920K
  class space    used 7546K, committed 7680K, reserved 1048576K
}
Event: 18.292 GC heap before
{Heap before GC invocations=28 (full 0):
 garbage-first heap   total 167936K, used 81446K [0x0000000081e00000, 0x0000000100000000)
  region size 1024K, 8 young (8192K), 5 survivors (5120K)
 Metaspace       used 64673K, committed 64960K, reserved 1105920K
  class space    used 7546K, committed 7680K, reserved 1048576K
}
Event: 18.300 GC heap after
{Heap after GC invocations=29 (full 0):
 garbage-first heap   total 167936K, used 78478K [0x0000000081e00000, 0x0000000100000000)
  region size 1024K, 1 young (1024K), 1 survivors (1024K)
 Metaspace       used 64673K, committed 64960K, reserved 1105920K
  class space    used 7546K, committed 7680K, reserved 1048576K
}
Event: 19.900 GC heap before
{Heap before GC invocations=29 (full 0):
 garbage-first heap   total 167936K, used 133774K [0x0000000081e00000, 0x0000000100000000)
  region size 1024K, 54 young (55296K), 1 survivors (1024K)
 Metaspace       used 66142K, committed 66432K, reserved 1114112K
  class space    used 7621K, committed 7744K, reserved 1048576K
}
Event: 19.912 GC heap after
{Heap after GC invocations=30 (full 0):
 garbage-first heap   total 167936K, used 84992K [0x0000000081e00000, 0x0000000100000000)
  region size 1024K, 7 young (7168K), 7 survivors (7168K)
 Metaspace       used 66142K, committed 66432K, reserved 1114112K
  class space    used 7621K, committed 7744K, reserved 1048576K
}
Event: 20.907 GC heap before
{Heap before GC invocations=30 (full 0):
 garbage-first heap   total 167936K, used 134144K [0x0000000081e00000, 0x0000000100000000)
  region size 1024K, 55 young (56320K), 7 survivors (7168K)
 Metaspace       used 66558K, committed 66880K, reserved 1114112K
  class space    used 7640K, committed 7808K, reserved 1048576K
}
Event: 20.925 GC heap after
{Heap after GC invocations=31 (full 0):
 garbage-first heap   total 167936K, used 89074K [0x0000000081e00000, 0x0000000100000000)
  region size 1024K, 4 young (4096K), 4 survivors (4096K)
 Metaspace       used 66558K, committed 66880K, reserved 1114112K
  class space    used 7640K, committed 7808K, reserved 1048576K
}
Event: 21.209 GC heap before
{Heap before GC invocations=31 (full 0):
 garbage-first heap   total 167936K, used 136178K [0x0000000081e00000, 0x0000000100000000)
  region size 1024K, 50 young (51200K), 4 survivors (4096K)
 Metaspace       used 66558K, committed 66880K, reserved 1114112K
  class space    used 7640K, committed 7808K, reserved 1048576K
}

